PATCH DIRECTORY /media/melodee/1146db4a-f285-4ffc-83ef-62a1e1190169/tor-browser_en-US/Browser/TorBrowser/UpdateInfo/updates/0
INSTALLATION DIRECTORY /media/melodee/1146db4a-f285-4ffc-83ef-62a1e1190169/tor-browser_en-US/Browser
WORKING DIRECTORY /media/melodee/1146db4a-f285-4ffc-83ef-62a1e1190169/tor-browser_en-US/Browser
UPDATE TYPE complete
PREPARE REMOVEFILE updater.ini
PREPARE REMOVEFILE updater
PREPARE REMOVEFILE tbb_version.json
PREPARE REMOVEFILE start-tor-browser.desktop
PREPARE REMOVEFILE start-tor-browser
PREPARE REMOVEFILE removed-files
PREPARE REMOVEFILE precomplete
PREPARE REMOVEFILE plugin-container
PREPARE REMOVEFILE platform.ini
PREPARE REMOVEFILE omni.ja
PREPARE REMOVEFILE libxul.so
PREPARE REMOVEFILE libssl3.so
PREPARE REMOVEFILE libsoftokn3.so
PREPARE REMOVEFILE libsmime3.so
PREPARE REMOVEFILE libplds4.so
PREPARE REMOVEFILE libplc4.so
PREPARE REMOVEFILE libnssutil3.so
PREPARE REMOVEFILE libnssckbi.so
PREPARE REMOVEFILE libnss3.so
PREPARE REMOVEFILE libnspr4.so
PREPARE REMOVEFILE libmozsqlite3.so
PREPARE REMOVEFILE libmozsandbox.so
PREPARE REMOVEFILE libmozgtk.so
PREPARE REMOVEFILE libmozavutil.so
PREPARE REMOVEFILE libmozavcodec.so
PREPARE REMOVEFILE liblgpllibs.so
PREPARE REMOVEFILE libfreeblpriv3.so
PREPARE REMOVEFILE icons/updater.png
PREPARE REMOVEFILE gtk2/libmozgtk.so
PREPARE REMOVEFILE fonts/TwemojiMozilla.ttf
PREPARE REMOVEFILE fonts/Tinos-Regular.ttf
PREPARE REMOVEFILE fonts/Tinos-Italic.ttf
PREPARE REMOVEFILE fonts/Tinos-BoldItalic.ttf
PREPARE REMOVEFILE fonts/Tinos-Bold.ttf
PREPARE REMOVEFILE fonts/STIXMath-Regular.otf
PREPARE REMOVEFILE fonts/NotoSerifThai-Regular.ttf
PREPARE REMOVEFILE fonts/NotoSerifLao-Regular.ttf
PREPARE REMOVEFILE fonts/NotoSerifKhmer-Regular.ttf
PREPARE REMOVEFILE fonts/NotoSerifArmenian-Regular.ttf
PREPARE REMOVEFILE fonts/NotoSansYi-Regular.ttf
PREPARE REMOVEFILE fonts/NotoSansTibetan-Regular.ttf
PREPARE REMOVEFILE fonts/NotoSansThai-Regular.ttf
PREPARE REMOVEFILE fonts/NotoSansThaana-Regular.ttf
PREPARE REMOVEFILE fonts/NotoSansTelugu-Regular.ttf
PREPARE REMOVEFILE fonts/NotoSansTamil-Regular.ttf
PREPARE REMOVEFILE fonts/NotoSansTC-Regular.otf
PREPARE REMOVEFILE fonts/NotoSansSinhala-Regular.ttf
PREPARE REMOVEFILE fonts/NotoSansSC-Regular.otf
PREPARE REMOVEFILE fonts/NotoSansOriya-Regular.ttf
PREPARE REMOVEFILE fonts/NotoSansMyanmar-Regular.ttf
PREPARE REMOVEFILE fonts/NotoSansMongolian-Regular.ttf
PREPARE REMOVEFILE fonts/NotoSansMalayalam-Regular.ttf
PREPARE REMOVEFILE fonts/NotoSansLao-Regular.ttf
PREPARE REMOVEFILE fonts/NotoSansKhmer-Regular.ttf
PREPARE REMOVEFILE fonts/NotoSansKannada-Regular.ttf
PREPARE REMOVEFILE fonts/NotoSansKR-Regular.otf
PREPARE REMOVEFILE fonts/NotoSansJP-Regular.otf
PREPARE REMOVEFILE fonts/NotoSansHebrew-Regular.ttf
PREPARE REMOVEFILE fonts/NotoSansGurmukhi-Regular.ttf
PREPARE REMOVEFILE fonts/NotoSansGujarati-Regular.ttf
PREPARE REMOVEFILE fonts/NotoSansGeorgian-Regular.ttf
PREPARE REMOVEFILE fonts/NotoSansEthiopic-Regular.ttf
PREPARE REMOVEFILE fonts/NotoSansDevanagari-Regular.ttf
PREPARE REMOVEFILE fonts/NotoSansCherokee-Regular.ttf
PREPARE REMOVEFILE fonts/NotoSansCanadianAboriginal-Regular.ttf
PREPARE REMOVEFILE fonts/NotoSansBuginese-Regular.ttf
PREPARE REMOVEFILE fonts/NotoSansBengali-Regular.ttf
PREPARE REMOVEFILE fonts/NotoSansArmenian-Regular.ttf
PREPARE REMOVEFILE fonts/NotoNaskhArabic-Regular.ttf
PREPARE REMOVEFILE fonts/NotoEmoji-Regular.ttf
PREPARE REMOVEFILE fonts/Cousine-Regular.ttf
PREPARE REMOVEFILE fonts/Arimo-Regular.ttf
PREPARE REMOVEFILE fonts/Arimo-Italic.ttf
PREPARE REMOVEFILE fonts/Arimo-BoldItalic.ttf
PREPARE REMOVEFILE fonts/Arimo-Bold.ttf
PREPARE REMOVEFILE firefox.real
PREPARE REMOVEFILE firefox
PREPARE REMOVEFILE execdesktop
PREPARE REMOVEFILE dependentlibs.list
PREPARE REMOVEFILE browser/omni.ja
PREPARE REMOVEFILE browser/features/onboarding@mozilla.org.xpi
PREPARE REMOVEFILE browser/chrome/icons/default/default64.png
PREPARE REMOVEFILE browser/chrome/icons/default/default48.png
PREPARE REMOVEFILE browser/chrome/icons/default/default32.png
PREPARE REMOVEFILE browser/chrome/icons/default/default16.png
PREPARE REMOVEFILE browser/chrome/icons/default/default128.png
PREPARE REMOVEFILE application.ini
PREPARE REMOVEFILE TorBrowser/Tor/tor
PREPARE REMOVEFILE TorBrowser/Tor/libstdc++/libstdc++.so.6
PREPARE REMOVEFILE TorBrowser/Tor/libssl.so.1.1
PREPARE REMOVEFILE TorBrowser/Tor/libevent-2.1.so.7
PREPARE REMOVEFILE TorBrowser/Tor/libcrypto.so.1.1
PREPARE REMOVEFILE TorBrowser/Tor/PluggableTransports/obfs4proxy
PREPARE REMOVEFILE TorBrowser/Docs/Licenses/Torbutton.txt
PREPARE REMOVEFILE TorBrowser/Docs/Licenses/Tor.txt
PREPARE REMOVEFILE TorBrowser/Docs/Licenses/Tor-Launcher.txt
PREPARE REMOVEFILE TorBrowser/Docs/Licenses/PluggableTransports/LICENSE.SNOWFLAKE
PREPARE REMOVEFILE TorBrowser/Docs/Licenses/PluggableTransports/LICENSE.GO
PREPARE REMOVEFILE TorBrowser/Docs/Licenses/PluggableTransports/LICENSE.CC0
PREPARE REMOVEFILE TorBrowser/Docs/Licenses/PluggableTransports/LICENSE
PREPARE REMOVEFILE TorBrowser/Docs/Licenses/Noto-Fonts.txt
PREPARE REMOVEFILE TorBrowser/Docs/Licenses/Noto-CJK-Font.txt
PREPARE REMOVEFILE TorBrowser/Docs/Licenses/NoScript.txt
PREPARE REMOVEFILE TorBrowser/Docs/Licenses/Libevent.txt
PREPARE REMOVEFILE TorBrowser/Docs/Licenses/HTTPS-Everywhere.txt
PREPARE REMOVEFILE TorBrowser/Docs/Licenses/Firefox.txt
PREPARE REMOVEFILE TorBrowser/Docs/ChangeLog.txt
PREPARE REMOVEFILE TorBrowser/Data/fontconfig/fonts.conf
PREPARE REMOVEFILE TorBrowser/Data/Tor/torrc-defaults
PREPARE REMOVEFILE TorBrowser/Data/Tor/geoip6
PREPARE REMOVEFILE TorBrowser/Data/Tor/geoip
PREPARE REMOVEFILE TorBrowser/Data/Browser/profile.default/extensions/{73a6fe31-595d-460b-a920-fcc0f8843232}.xpi
PREPARE REMOVEDIR icons/
PREPARE REMOVEDIR gtk2/
PREPARE REMOVEDIR fonts/
PREPARE REMOVEDIR defaults/pref/
PREPARE REMOVEDIR defaults/
PREPARE REMOVEDIR browser/features/
PREPARE REMOVEDIR browser/chrome/icons/default/
PREPARE REMOVEDIR browser/chrome/icons/
PREPARE REMOVEDIR browser/chrome/
PREPARE REMOVEDIR browser/
PREPARE REMOVEDIR TorBrowser/Tor/libstdc++/
PREPARE REMOVEDIR TorBrowser/Tor/PluggableTransports/
PREPARE REMOVEDIR TorBrowser/Tor/
PREPARE REMOVEDIR TorBrowser/Docs/Licenses/PluggableTransports/
PREPARE REMOVEDIR TorBrowser/Docs/Licenses/
PREPARE REMOVEDIR TorBrowser/Docs/
PREPARE REMOVEDIR TorBrowser/Data/fontconfig/
PREPARE REMOVEDIR TorBrowser/Data/Tor/
PREPARE REMOVEDIR TorBrowser/Data/Browser/profile.default/extensions/
PREPARE REMOVEDIR TorBrowser/Data/Browser/profile.default/
PREPARE REMOVEDIR TorBrowser/Data/Browser/Caches/
PREPARE REMOVEDIR TorBrowser/Data/Browser/
PREPARE REMOVEDIR TorBrowser/Data/
PREPARE REMOVEDIR TorBrowser/
PREPARE REMOVEDIR .config/
PREPARE ADD updater.ini
PREPARE ADD updater
PREPARE ADD tbb_version.json
PREPARE ADD start-tor-browser.desktop
PREPARE ADD start-tor-browser
PREPARE ADD removed-files
PREPARE ADD precomplete
PREPARE ADD plugin-container
PREPARE ADD platform.ini
PREPARE ADD omni.ja
PREPARE ADD libxul.so
PREPARE ADD libssl3.so
PREPARE ADD libsoftokn3.so
PREPARE ADD libsmime3.so
PREPARE ADD libplds4.so
PREPARE ADD libplc4.so
PREPARE ADD libnssutil3.so
PREPARE ADD libnssckbi.so
PREPARE ADD libnss3.so
PREPARE ADD libnspr4.so
PREPARE ADD libmozwayland.so
PREPARE ADD libmozsqlite3.so
PREPARE ADD libmozsandbox.so
PREPARE ADD libmozgtk.so
PREPARE ADD libmozavutil.so
PREPARE ADD libmozavcodec.so
PREPARE ADD liblgpllibs.so
PREPARE ADD libfreeblpriv3.so
PREPARE ADD icons/updater.png
PREPARE ADD fonts/TwemojiMozilla.ttf
PREPARE ADD fonts/Tinos-Regular.ttf
PREPARE ADD fonts/Tinos-Italic.ttf
PREPARE ADD fonts/Tinos-BoldItalic.ttf
PREPARE ADD fonts/Tinos-Bold.ttf
PREPARE ADD fonts/STIXMath-Regular.otf
PREPARE ADD fonts/NotoSerifThai-Regular.ttf
PREPARE ADD fonts/NotoSerifLao-Regular.ttf
PREPARE ADD fonts/NotoSerifKhmer-Regular.ttf
PREPARE ADD fonts/NotoSerifArmenian-Regular.ttf
PREPARE ADD fonts/NotoSansYi-Regular.ttf
PREPARE ADD fonts/NotoSansTibetan-Regular.ttf
PREPARE ADD fonts/NotoSansThai-Regular.ttf
PREPARE ADD fonts/NotoSansThaana-Regular.ttf
PREPARE ADD fonts/NotoSansTelugu-Regular.ttf
PREPARE ADD fonts/NotoSansTamil-Regular.ttf
PREPARE ADD fonts/NotoSansTC-Regular.otf
PREPARE ADD fonts/NotoSansSinhala-Regular.ttf
PREPARE ADD fonts/NotoSansSC-Regular.otf
PREPARE ADD fonts/NotoSansOriya-Regular.ttf
PREPARE ADD fonts/NotoSansMyanmar-Regular.ttf
PREPARE ADD fonts/NotoSansMongolian-Regular.ttf
PREPARE ADD fonts/NotoSansMalayalam-Regular.ttf
PREPARE ADD fonts/NotoSansLao-Regular.ttf
PREPARE ADD fonts/NotoSansKhmer-Regular.ttf
PREPARE ADD fonts/NotoSansKannada-Regular.ttf
PREPARE ADD fonts/NotoSansKR-Regular.otf
PREPARE ADD fonts/NotoSansJP-Regular.otf
PREPARE ADD fonts/NotoSansHebrew-Regular.ttf
PREPARE ADD fonts/NotoSansGurmukhi-Regular.ttf
PREPARE ADD fonts/NotoSansGujarati-Regular.ttf
PREPARE ADD fonts/NotoSansGeorgian-Regular.ttf
PREPARE ADD fonts/NotoSansEthiopic-Regular.ttf
PREPARE ADD fonts/NotoSansDevanagari-Regular.ttf
PREPARE ADD fonts/NotoSansCherokee-Regular.ttf
PREPARE ADD fonts/NotoSansCanadianAboriginal-Regular.ttf
PREPARE ADD fonts/NotoSansBuginese-Regular.ttf
PREPARE ADD fonts/NotoSansBengali-Regular.ttf
PREPARE ADD fonts/NotoSansArmenian-Regular.ttf
PREPARE ADD fonts/NotoNaskhArabic-Regular.ttf
PREPARE ADD fonts/NotoEmoji-Regular.ttf
PREPARE ADD fonts/Cousine-Regular.ttf
PREPARE ADD fonts/Arimo-Regular.ttf
PREPARE ADD fonts/Arimo-Italic.ttf
PREPARE ADD fonts/Arimo-BoldItalic.ttf
PREPARE ADD fonts/Arimo-Bold.ttf
PREPARE ADD firefox.real
PREPARE ADD firefox
PREPARE ADD execdesktop
PREPARE ADD dependentlibs.list
PREPARE ADD browser/omni.ja
PREPARE ADD browser/features/onboarding@mozilla.org.xpi
PREPARE ADD browser/chrome/icons/default/default64.png
PREPARE ADD browser/chrome/icons/default/default48.png
PREPARE ADD browser/chrome/icons/default/default32.png
PREPARE ADD browser/chrome/icons/default/default16.png
PREPARE ADD browser/chrome/icons/default/default128.png
PREPARE ADD application.ini
PREPARE ADD abicheck
PREPARE ADD TorBrowser/Tor/tor
PREPARE ADD TorBrowser/Tor/libstdc++/libstdc++.so.6
PREPARE ADD TorBrowser/Tor/libssl.so.1.1
PREPARE ADD TorBrowser/Tor/libevent-2.1.so.7
PREPARE ADD TorBrowser/Tor/libcrypto.so.1.1
PREPARE ADD TorBrowser/Tor/PluggableTransports/snowflake-client
PREPARE ADD TorBrowser/Tor/PluggableTransports/obfs4proxy
PREPARE ADD TorBrowser/Docs/snowflake/README.md
PREPARE ADD TorBrowser/Docs/Licenses/Torbutton.txt
PREPARE ADD TorBrowser/Docs/Licenses/Tor.txt
PREPARE ADD TorBrowser/Docs/Licenses/Tor-Launcher.txt
PREPARE ADD TorBrowser/Docs/Licenses/PluggableTransports/LICENSE.SNOWFLAKE
PREPARE ADD TorBrowser/Docs/Licenses/PluggableTransports/LICENSE.GO
PREPARE ADD TorBrowser/Docs/Licenses/PluggableTransports/LICENSE.CC0
PREPARE ADD TorBrowser/Docs/Licenses/PluggableTransports/LICENSE
PREPARE ADD TorBrowser/Docs/Licenses/Noto-Fonts.txt
PREPARE ADD TorBrowser/Docs/Licenses/Noto-CJK-Font.txt
PREPARE ADD TorBrowser/Docs/Licenses/NoScript.txt
PREPARE ADD TorBrowser/Docs/Licenses/Libevent.txt
PREPARE ADD TorBrowser/Docs/Licenses/HTTPS-Everywhere.txt
PREPARE ADD TorBrowser/Docs/Licenses/Firefox.txt
PREPARE ADD TorBrowser/Docs/ChangeLog.txt
PREPARE ADD TorBrowser/Data/fontconfig/fonts.conf
PREPARE ADD TorBrowser/Data/Tor/torrc-defaults
PREPARE ADD TorBrowser/Data/Tor/geoip6
PREPARE ADD TorBrowser/Data/Tor/geoip
PREPARE ADD TorBrowser/Data/Browser/profile.default/extensions/{73a6fe31-595d-460b-a920-fcc0f8843232}.xpi
PREPARE ADD .config/gtk-3.0/settings.ini
EXECUTE REMOVEFILE updater.ini
EXECUTE REMOVEFILE updater
EXECUTE REMOVEFILE tbb_version.json
EXECUTE REMOVEFILE start-tor-browser.desktop
EXECUTE REMOVEFILE start-tor-browser
EXECUTE REMOVEFILE removed-files
EXECUTE REMOVEFILE precomplete
EXECUTE REMOVEFILE plugin-container
EXECUTE REMOVEFILE platform.ini
EXECUTE REMOVEFILE omni.ja
EXECUTE REMOVEFILE libxul.so
EXECUTE REMOVEFILE libssl3.so
EXECUTE REMOVEFILE libsoftokn3.so
EXECUTE REMOVEFILE libsmime3.so
EXECUTE REMOVEFILE libplds4.so
EXECUTE REMOVEFILE libplc4.so
EXECUTE REMOVEFILE libnssutil3.so
EXECUTE REMOVEFILE libnssckbi.so
EXECUTE REMOVEFILE libnss3.so
EXECUTE REMOVEFILE libnspr4.so
EXECUTE REMOVEFILE libmozsqlite3.so
EXECUTE REMOVEFILE libmozsandbox.so
EXECUTE REMOVEFILE libmozgtk.so
EXECUTE REMOVEFILE libmozavutil.so
EXECUTE REMOVEFILE libmozavcodec.so
EXECUTE REMOVEFILE liblgpllibs.so
EXECUTE REMOVEFILE libfreeblpriv3.so
EXECUTE REMOVEFILE icons/updater.png
EXECUTE REMOVEFILE gtk2/libmozgtk.so
EXECUTE REMOVEFILE fonts/TwemojiMozilla.ttf
EXECUTE REMOVEFILE fonts/Tinos-Regular.ttf
EXECUTE REMOVEFILE fonts/Tinos-Italic.ttf
EXECUTE REMOVEFILE fonts/Tinos-BoldItalic.ttf
EXECUTE REMOVEFILE fonts/Tinos-Bold.ttf
EXECUTE REMOVEFILE fonts/STIXMath-Regular.otf
EXECUTE REMOVEFILE fonts/NotoSerifThai-Regular.ttf
EXECUTE REMOVEFILE fonts/NotoSerifLao-Regular.ttf
EXECUTE REMOVEFILE fonts/NotoSerifKhmer-Regular.ttf
EXECUTE REMOVEFILE fonts/NotoSerifArmenian-Regular.ttf
EXECUTE REMOVEFILE fonts/NotoSansYi-Regular.ttf
EXECUTE REMOVEFILE fonts/NotoSansTibetan-Regular.ttf
EXECUTE REMOVEFILE fonts/NotoSansThai-Regular.ttf
EXECUTE REMOVEFILE fonts/NotoSansThaana-Regular.ttf
EXECUTE REMOVEFILE fonts/NotoSansTelugu-Regular.ttf
EXECUTE REMOVEFILE fonts/NotoSansTamil-Regular.ttf
EXECUTE REMOVEFILE fonts/NotoSansTC-Regular.otf
EXECUTE REMOVEFILE fonts/NotoSansSinhala-Regular.ttf
EXECUTE REMOVEFILE fonts/NotoSansSC-Regular.otf
EXECUTE REMOVEFILE fonts/NotoSansOriya-Regular.ttf
EXECUTE REMOVEFILE fonts/NotoSansMyanmar-Regular.ttf
EXECUTE REMOVEFILE fonts/NotoSansMongolian-Regular.ttf
EXECUTE REMOVEFILE fonts/NotoSansMalayalam-Regular.ttf
EXECUTE REMOVEFILE fonts/NotoSansLao-Regular.ttf
EXECUTE REMOVEFILE fonts/NotoSansKhmer-Regular.ttf
EXECUTE REMOVEFILE fonts/NotoSansKannada-Regular.ttf
EXECUTE REMOVEFILE fonts/NotoSansKR-Regular.otf
EXECUTE REMOVEFILE fonts/NotoSansJP-Regular.otf
EXECUTE REMOVEFILE fonts/NotoSansHebrew-Regular.ttf
EXECUTE REMOVEFILE fonts/NotoSansGurmukhi-Regular.ttf
EXECUTE REMOVEFILE fonts/NotoSansGujarati-Regular.ttf
EXECUTE REMOVEFILE fonts/NotoSansGeorgian-Regular.ttf
EXECUTE REMOVEFILE fonts/NotoSansEthiopic-Regular.ttf
EXECUTE REMOVEFILE fonts/NotoSansDevanagari-Regular.ttf
EXECUTE REMOVEFILE fonts/NotoSansCherokee-Regular.ttf
EXECUTE REMOVEFILE fonts/NotoSansCanadianAboriginal-Regular.ttf
EXECUTE REMOVEFILE fonts/NotoSansBuginese-Regular.ttf
EXECUTE REMOVEFILE fonts/NotoSansBengali-Regular.ttf
EXECUTE REMOVEFILE fonts/NotoSansArmenian-Regular.ttf
EXECUTE REMOVEFILE fonts/NotoNaskhArabic-Regular.ttf
EXECUTE REMOVEFILE fonts/NotoEmoji-Regular.ttf
EXECUTE REMOVEFILE fonts/Cousine-Regular.ttf
EXECUTE REMOVEFILE fonts/Arimo-Regular.ttf
EXECUTE REMOVEFILE fonts/Arimo-Italic.ttf
EXECUTE REMOVEFILE fonts/Arimo-BoldItalic.ttf
EXECUTE REMOVEFILE fonts/Arimo-Bold.ttf
EXECUTE REMOVEFILE firefox.real
EXECUTE REMOVEFILE firefox
EXECUTE REMOVEFILE execdesktop
EXECUTE REMOVEFILE dependentlibs.list
EXECUTE REMOVEFILE browser/omni.ja
EXECUTE REMOVEFILE browser/features/onboarding@mozilla.org.xpi
EXECUTE REMOVEFILE browser/chrome/icons/default/default64.png
EXECUTE REMOVEFILE browser/chrome/icons/default/default48.png
EXECUTE REMOVEFILE browser/chrome/icons/default/default32.png
EXECUTE REMOVEFILE browser/chrome/icons/default/default16.png
EXECUTE REMOVEFILE browser/chrome/icons/default/default128.png
EXECUTE REMOVEFILE application.ini
EXECUTE REMOVEFILE TorBrowser/Tor/tor
EXECUTE REMOVEFILE TorBrowser/Tor/libstdc++/libstdc++.so.6
EXECUTE REMOVEFILE TorBrowser/Tor/libssl.so.1.1
EXECUTE REMOVEFILE TorBrowser/Tor/libevent-2.1.so.7
EXECUTE REMOVEFILE TorBrowser/Tor/libcrypto.so.1.1
EXECUTE REMOVEFILE TorBrowser/Tor/PluggableTransports/obfs4proxy
EXECUTE REMOVEFILE TorBrowser/Docs/Licenses/Torbutton.txt
EXECUTE REMOVEFILE TorBrowser/Docs/Licenses/Tor.txt
EXECUTE REMOVEFILE TorBrowser/Docs/Licenses/Tor-Launcher.txt
EXECUTE REMOVEFILE TorBrowser/Docs/Licenses/PluggableTransports/LICENSE.SNOWFLAKE
EXECUTE REMOVEFILE TorBrowser/Docs/Licenses/PluggableTransports/LICENSE.GO
EXECUTE REMOVEFILE TorBrowser/Docs/Licenses/PluggableTransports/LICENSE.CC0
EXECUTE REMOVEFILE TorBrowser/Docs/Licenses/PluggableTransports/LICENSE
EXECUTE REMOVEFILE TorBrowser/Docs/Licenses/Noto-Fonts.txt
EXECUTE REMOVEFILE TorBrowser/Docs/Licenses/Noto-CJK-Font.txt
EXECUTE REMOVEFILE TorBrowser/Docs/Licenses/NoScript.txt
EXECUTE REMOVEFILE TorBrowser/Docs/Licenses/Libevent.txt
EXECUTE REMOVEFILE TorBrowser/Docs/Licenses/HTTPS-Everywhere.txt
EXECUTE REMOVEFILE TorBrowser/Docs/Licenses/Firefox.txt
EXECUTE REMOVEFILE TorBrowser/Docs/ChangeLog.txt
EXECUTE REMOVEFILE TorBrowser/Data/fontconfig/fonts.conf
EXECUTE REMOVEFILE TorBrowser/Data/Tor/torrc-defaults
EXECUTE REMOVEFILE TorBrowser/Data/Tor/geoip6
EXECUTE REMOVEFILE TorBrowser/Data/Tor/geoip
EXECUTE REMOVEFILE TorBrowser/Data/Browser/profile.default/extensions/{73a6fe31-595d-460b-a920-fcc0f8843232}.xpi
EXECUTE REMOVEDIR icons/
EXECUTE REMOVEDIR gtk2/
EXECUTE REMOVEDIR fonts/
EXECUTE REMOVEDIR defaults/pref/
EXECUTE REMOVEDIR defaults/
EXECUTE REMOVEDIR browser/features/
EXECUTE REMOVEDIR browser/chrome/icons/default/
EXECUTE REMOVEDIR browser/chrome/icons/
EXECUTE REMOVEDIR browser/chrome/
EXECUTE REMOVEDIR browser/
EXECUTE REMOVEDIR TorBrowser/Tor/libstdc++/
EXECUTE REMOVEDIR TorBrowser/Tor/PluggableTransports/
EXECUTE REMOVEDIR TorBrowser/Tor/
EXECUTE REMOVEDIR TorBrowser/Docs/Licenses/PluggableTransports/
EXECUTE REMOVEDIR TorBrowser/Docs/Licenses/
EXECUTE REMOVEDIR TorBrowser/Docs/
EXECUTE REMOVEDIR TorBrowser/Data/fontconfig/
EXECUTE REMOVEDIR TorBrowser/Data/Tor/
EXECUTE REMOVEDIR TorBrowser/Data/Browser/profile.default/extensions/
EXECUTE REMOVEDIR TorBrowser/Data/Browser/profile.default/
EXECUTE REMOVEDIR TorBrowser/Data/Browser/Caches/
EXECUTE REMOVEDIR TorBrowser/Data/Browser/
EXECUTE REMOVEDIR TorBrowser/Data/
EXECUTE REMOVEDIR TorBrowser/
EXECUTE REMOVEDIR .config/
EXECUTE ADD updater.ini
EXECUTE ADD updater
EXECUTE ADD tbb_version.json
EXECUTE ADD start-tor-browser.desktop
EXECUTE ADD start-tor-browser
EXECUTE ADD removed-files
EXECUTE ADD precomplete
EXECUTE ADD plugin-container
EXECUTE ADD platform.ini
EXECUTE ADD omni.ja
EXECUTE ADD libxul.so
EXECUTE ADD libssl3.so
EXECUTE ADD libsoftokn3.so
EXECUTE ADD libsmime3.so
EXECUTE ADD libplds4.so
EXECUTE ADD libplc4.so
EXECUTE ADD libnssutil3.so
EXECUTE ADD libnssckbi.so
EXECUTE ADD libnss3.so
EXECUTE ADD libnspr4.so
EXECUTE ADD libmozwayland.so
EXECUTE ADD libmozsqlite3.so
EXECUTE ADD libmozsandbox.so
EXECUTE ADD libmozgtk.so
EXECUTE ADD libmozavutil.so
EXECUTE ADD libmozavcodec.so
EXECUTE ADD liblgpllibs.so
EXECUTE ADD libfreeblpriv3.so
EXECUTE ADD icons/updater.png
EXECUTE ADD fonts/TwemojiMozilla.ttf
EXECUTE ADD fonts/Tinos-Regular.ttf
EXECUTE ADD fonts/Tinos-Italic.ttf
EXECUTE ADD fonts/Tinos-BoldItalic.ttf
EXECUTE ADD fonts/Tinos-Bold.ttf
EXECUTE ADD fonts/STIXMath-Regular.otf
EXECUTE ADD fonts/NotoSerifThai-Regular.ttf
EXECUTE ADD fonts/NotoSerifLao-Regular.ttf
EXECUTE ADD fonts/NotoSerifKhmer-Regular.ttf
EXECUTE ADD fonts/NotoSerifArmenian-Regular.ttf
EXECUTE ADD fonts/NotoSansYi-Regular.ttf
EXECUTE ADD fonts/NotoSansTibetan-Regular.ttf
EXECUTE ADD fonts/NotoSansThai-Regular.ttf
EXECUTE ADD fonts/NotoSansThaana-Regular.ttf
EXECUTE ADD fonts/NotoSansTelugu-Regular.ttf
EXECUTE ADD fonts/NotoSansTamil-Regular.ttf
EXECUTE ADD fonts/NotoSansTC-Regular.otf
EXECUTE ADD fonts/NotoSansSinhala-Regular.ttf
EXECUTE ADD fonts/NotoSansSC-Regular.otf
EXECUTE ADD fonts/NotoSansOriya-Regular.ttf
EXECUTE ADD fonts/NotoSansMyanmar-Regular.ttf
EXECUTE ADD fonts/NotoSansMongolian-Regular.ttf
EXECUTE ADD fonts/NotoSansMalayalam-Regular.ttf
EXECUTE ADD fonts/NotoSansLao-Regular.ttf
EXECUTE ADD fonts/NotoSansKhmer-Regular.ttf
EXECUTE ADD fonts/NotoSansKannada-Regular.ttf
EXECUTE ADD fonts/NotoSansKR-Regular.otf
EXECUTE ADD fonts/NotoSansJP-Regular.otf
EXECUTE ADD fonts/NotoSansHebrew-Regular.ttf
EXECUTE ADD fonts/NotoSansGurmukhi-Regular.ttf
EXECUTE ADD fonts/NotoSansGujarati-Regular.ttf
EXECUTE ADD fonts/NotoSansGeorgian-Regular.ttf
EXECUTE ADD fonts/NotoSansEthiopic-Regular.ttf
EXECUTE ADD fonts/NotoSansDevanagari-Regular.ttf
EXECUTE ADD fonts/NotoSansCherokee-Regular.ttf
EXECUTE ADD fonts/NotoSansCanadianAboriginal-Regular.ttf
EXECUTE ADD fonts/NotoSansBuginese-Regular.ttf
EXECUTE ADD fonts/NotoSansBengali-Regular.ttf
EXECUTE ADD fonts/NotoSansArmenian-Regular.ttf
EXECUTE ADD fonts/NotoNaskhArabic-Regular.ttf
EXECUTE ADD fonts/NotoEmoji-Regular.ttf
EXECUTE ADD fonts/Cousine-Regular.ttf
EXECUTE ADD fonts/Arimo-Regular.ttf
EXECUTE ADD fonts/Arimo-Italic.ttf
EXECUTE ADD fonts/Arimo-BoldItalic.ttf
EXECUTE ADD fonts/Arimo-Bold.ttf
EXECUTE ADD firefox.real
EXECUTE ADD firefox
EXECUTE ADD execdesktop
EXECUTE ADD dependentlibs.list
EXECUTE ADD browser/omni.ja
EXECUTE ADD browser/features/onboarding@mozilla.org.xpi
EXECUTE ADD browser/chrome/icons/default/default64.png
EXECUTE ADD browser/chrome/icons/default/default48.png
EXECUTE ADD browser/chrome/icons/default/default32.png
EXECUTE ADD browser/chrome/icons/default/default16.png
EXECUTE ADD browser/chrome/icons/default/default128.png
EXECUTE ADD application.ini
EXECUTE ADD abicheck
EXECUTE ADD TorBrowser/Tor/tor
EXECUTE ADD TorBrowser/Tor/libstdc++/libstdc++.so.6
EXECUTE ADD TorBrowser/Tor/libssl.so.1.1
EXECUTE ADD TorBrowser/Tor/libevent-2.1.so.7
EXECUTE ADD TorBrowser/Tor/libcrypto.so.1.1
EXECUTE ADD TorBrowser/Tor/PluggableTransports/snowflake-client
EXECUTE ADD TorBrowser/Tor/PluggableTransports/obfs4proxy
EXECUTE ADD TorBrowser/Docs/snowflake/README.md
EXECUTE ADD TorBrowser/Docs/Licenses/Torbutton.txt
EXECUTE ADD TorBrowser/Docs/Licenses/Tor.txt
EXECUTE ADD TorBrowser/Docs/Licenses/Tor-Launcher.txt
EXECUTE ADD TorBrowser/Docs/Licenses/PluggableTransports/LICENSE.SNOWFLAKE
EXECUTE ADD TorBrowser/Docs/Licenses/PluggableTransports/LICENSE.GO
EXECUTE ADD TorBrowser/Docs/Licenses/PluggableTransports/LICENSE.CC0
EXECUTE ADD TorBrowser/Docs/Licenses/PluggableTransports/LICENSE
EXECUTE ADD TorBrowser/Docs/Licenses/Noto-Fonts.txt
EXECUTE ADD TorBrowser/Docs/Licenses/Noto-CJK-Font.txt
EXECUTE ADD TorBrowser/Docs/Licenses/NoScript.txt
EXECUTE ADD TorBrowser/Docs/Licenses/Libevent.txt
EXECUTE ADD TorBrowser/Docs/Licenses/HTTPS-Everywhere.txt
EXECUTE ADD TorBrowser/Docs/Licenses/Firefox.txt
EXECUTE ADD TorBrowser/Docs/ChangeLog.txt
EXECUTE ADD TorBrowser/Data/fontconfig/fonts.conf
EXECUTE ADD TorBrowser/Data/Tor/torrc-defaults
EXECUTE ADD TorBrowser/Data/Tor/geoip6
EXECUTE ADD TorBrowser/Data/Tor/geoip
EXECUTE ADD TorBrowser/Data/Browser/profile.default/extensions/{73a6fe31-595d-460b-a920-fcc0f8843232}.xpi
EXECUTE ADD .config/gtk-3.0/settings.ini
FINISH REMOVEFILE updater.ini
FINISH REMOVEFILE updater
FINISH REMOVEFILE tbb_version.json
FINISH REMOVEFILE start-tor-browser.desktop
FINISH REMOVEFILE start-tor-browser
FINISH REMOVEFILE removed-files
FINISH REMOVEFILE precomplete
FINISH REMOVEFILE plugin-container
FINISH REMOVEFILE platform.ini
FINISH REMOVEFILE omni.ja
FINISH REMOVEFILE libxul.so
FINISH REMOVEFILE libssl3.so
FINISH REMOVEFILE libsoftokn3.so
FINISH REMOVEFILE libsmime3.so
FINISH REMOVEFILE libplds4.so
FINISH REMOVEFILE libplc4.so
FINISH REMOVEFILE libnssutil3.so
FINISH REMOVEFILE libnssckbi.so
FINISH REMOVEFILE libnss3.so
FINISH REMOVEFILE libnspr4.so
FINISH REMOVEFILE libmozsqlite3.so
FINISH REMOVEFILE libmozsandbox.so
FINISH REMOVEFILE libmozgtk.so
FINISH REMOVEFILE libmozavutil.so
FINISH REMOVEFILE libmozavcodec.so
FINISH REMOVEFILE liblgpllibs.so
FINISH REMOVEFILE libfreeblpriv3.so
FINISH REMOVEFILE icons/updater.png
FINISH REMOVEFILE gtk2/libmozgtk.so
FINISH REMOVEFILE fonts/TwemojiMozilla.ttf
FINISH REMOVEFILE fonts/Tinos-Regular.ttf
FINISH REMOVEFILE fonts/Tinos-Italic.ttf
FINISH REMOVEFILE fonts/Tinos-BoldItalic.ttf
FINISH REMOVEFILE fonts/Tinos-Bold.ttf
FINISH REMOVEFILE fonts/STIXMath-Regular.otf
FINISH REMOVEFILE fonts/NotoSerifThai-Regular.ttf
FINISH REMOVEFILE fonts/NotoSerifLao-Regular.ttf
FINISH REMOVEFILE fonts/NotoSerifKhmer-Regular.ttf
FINISH REMOVEFILE fonts/NotoSerifArmenian-Regular.ttf
FINISH REMOVEFILE fonts/NotoSansYi-Regular.ttf
FINISH REMOVEFILE fonts/NotoSansTibetan-Regular.ttf
FINISH REMOVEFILE fonts/NotoSansThai-Regular.ttf
FINISH REMOVEFILE fonts/NotoSansThaana-Regular.ttf
FINISH REMOVEFILE fonts/NotoSansTelugu-Regular.ttf
FINISH REMOVEFILE fonts/NotoSansTamil-Regular.ttf
FINISH REMOVEFILE fonts/NotoSansTC-Regular.otf
FINISH REMOVEFILE fonts/NotoSansSinhala-Regular.ttf
FINISH REMOVEFILE fonts/NotoSansSC-Regular.otf
FINISH REMOVEFILE fonts/NotoSansOriya-Regular.ttf
FINISH REMOVEFILE fonts/NotoSansMyanmar-Regular.ttf
FINISH REMOVEFILE fonts/NotoSansMongolian-Regular.ttf
FINISH REMOVEFILE fonts/NotoSansMalayalam-Regular.ttf
FINISH REMOVEFILE fonts/NotoSansLao-Regular.ttf
FINISH REMOVEFILE fonts/NotoSansKhmer-Regular.ttf
FINISH REMOVEFILE fonts/NotoSansKannada-Regular.ttf
FINISH REMOVEFILE fonts/NotoSansKR-Regular.otf
FINISH REMOVEFILE fonts/NotoSansJP-Regular.otf
FINISH REMOVEFILE fonts/NotoSansHebrew-Regular.ttf
FINISH REMOVEFILE fonts/NotoSansGurmukhi-Regular.ttf
FINISH REMOVEFILE fonts/NotoSansGujarati-Regular.ttf
FINISH REMOVEFILE fonts/NotoSansGeorgian-Regular.ttf
FINISH REMOVEFILE fonts/NotoSansEthiopic-Regular.ttf
FINISH REMOVEFILE fonts/NotoSansDevanagari-Regular.ttf
FINISH REMOVEFILE fonts/NotoSansCherokee-Regular.ttf
FINISH REMOVEFILE fonts/NotoSansCanadianAboriginal-Regular.ttf
FINISH REMOVEFILE fonts/NotoSansBuginese-Regular.ttf
FINISH REMOVEFILE fonts/NotoSansBengali-Regular.ttf
FINISH REMOVEFILE fonts/NotoSansArmenian-Regular.ttf
FINISH REMOVEFILE fonts/NotoNaskhArabic-Regular.ttf
FINISH REMOVEFILE fonts/NotoEmoji-Regular.ttf
FINISH REMOVEFILE fonts/Cousine-Regular.ttf
FINISH REMOVEFILE fonts/Arimo-Regular.ttf
FINISH REMOVEFILE fonts/Arimo-Italic.ttf
FINISH REMOVEFILE fonts/Arimo-BoldItalic.ttf
FINISH REMOVEFILE fonts/Arimo-Bold.ttf
FINISH REMOVEFILE firefox.real
FINISH REMOVEFILE firefox
FINISH REMOVEFILE execdesktop
FINISH REMOVEFILE dependentlibs.list
FINISH REMOVEFILE browser/omni.ja
FINISH REMOVEFILE browser/features/onboarding@mozilla.org.xpi
FINISH REMOVEFILE browser/chrome/icons/default/default64.png
FINISH REMOVEFILE browser/chrome/icons/default/default48.png
FINISH REMOVEFILE browser/chrome/icons/default/default32.png
FINISH REMOVEFILE browser/chrome/icons/default/default16.png
FINISH REMOVEFILE browser/chrome/icons/default/default128.png
FINISH REMOVEFILE application.ini
FINISH REMOVEFILE TorBrowser/Tor/tor
FINISH REMOVEFILE TorBrowser/Tor/libstdc++/libstdc++.so.6
FINISH REMOVEFILE TorBrowser/Tor/libssl.so.1.1
FINISH REMOVEFILE TorBrowser/Tor/libevent-2.1.so.7
FINISH REMOVEFILE TorBrowser/Tor/libcrypto.so.1.1
FINISH REMOVEFILE TorBrowser/Tor/PluggableTransports/obfs4proxy
FINISH REMOVEFILE TorBrowser/Docs/Licenses/Torbutton.txt
FINISH REMOVEFILE TorBrowser/Docs/Licenses/Tor.txt
FINISH REMOVEFILE TorBrowser/Docs/Licenses/Tor-Launcher.txt
FINISH REMOVEFILE TorBrowser/Docs/Licenses/PluggableTransports/LICENSE.SNOWFLAKE
FINISH REMOVEFILE TorBrowser/Docs/Licenses/PluggableTransports/LICENSE.GO
FINISH REMOVEFILE TorBrowser/Docs/Licenses/PluggableTransports/LICENSE.CC0
FINISH REMOVEFILE TorBrowser/Docs/Licenses/PluggableTransports/LICENSE
FINISH REMOVEFILE TorBrowser/Docs/Licenses/Noto-Fonts.txt
FINISH REMOVEFILE TorBrowser/Docs/Licenses/Noto-CJK-Font.txt
FINISH REMOVEFILE TorBrowser/Docs/Licenses/NoScript.txt
FINISH REMOVEFILE TorBrowser/Docs/Licenses/Libevent.txt
FINISH REMOVEFILE TorBrowser/Docs/Licenses/HTTPS-Everywhere.txt
FINISH REMOVEFILE TorBrowser/Docs/Licenses/Firefox.txt
FINISH REMOVEFILE TorBrowser/Docs/ChangeLog.txt
FINISH REMOVEFILE TorBrowser/Data/fontconfig/fonts.conf
FINISH REMOVEFILE TorBrowser/Data/Tor/torrc-defaults
FINISH REMOVEFILE TorBrowser/Data/Tor/geoip6
FINISH REMOVEFILE TorBrowser/Data/Tor/geoip
FINISH REMOVEFILE TorBrowser/Data/Browser/profile.default/extensions/{73a6fe31-595d-460b-a920-fcc0f8843232}.xpi
FINISH REMOVEDIR icons/
non-fatal error removing directory: icons/, rv: 0, err: 39
FINISH REMOVEDIR gtk2/
FINISH REMOVEDIR fonts/
non-fatal error removing directory: fonts/, rv: 0, err: 39
FINISH REMOVEDIR defaults/pref/
non-fatal error removing directory: defaults/pref/, rv: 0, err: 39
FINISH REMOVEDIR defaults/
non-fatal error removing directory: defaults/, rv: 0, err: 39
FINISH REMOVEDIR browser/features/
non-fatal error removing directory: browser/features/, rv: 0, err: 39
FINISH REMOVEDIR browser/chrome/icons/default/
non-fatal error removing directory: browser/chrome/icons/default/, rv: 0, err: 39
FINISH REMOVEDIR browser/chrome/icons/
non-fatal error removing directory: browser/chrome/icons/, rv: 0, err: 39
FINISH REMOVEDIR browser/chrome/
non-fatal error removing directory: browser/chrome/, rv: 0, err: 39
FINISH REMOVEDIR browser/
non-fatal error removing directory: browser/, rv: 0, err: 39
FINISH REMOVEDIR TorBrowser/Tor/libstdc++/
non-fatal error removing directory: TorBrowser/Tor/libstdc++/, rv: 0, err: 39
FINISH REMOVEDIR TorBrowser/Tor/PluggableTransports/
non-fatal error removing directory: TorBrowser/Tor/PluggableTransports/, rv: 0, err: 39
FINISH REMOVEDIR TorBrowser/Tor/
non-fatal error removing directory: TorBrowser/Tor/, rv: 0, err: 39
FINISH REMOVEDIR TorBrowser/Docs/Licenses/PluggableTransports/
non-fatal error removing directory: TorBrowser/Docs/Licenses/PluggableTransports/, rv: 0, err: 39
FINISH REMOVEDIR TorBrowser/Docs/Licenses/
non-fatal error removing directory: TorBrowser/Docs/Licenses/, rv: 0, err: 39
FINISH REMOVEDIR TorBrowser/Docs/
non-fatal error removing directory: TorBrowser/Docs/, rv: 0, err: 39
FINISH REMOVEDIR TorBrowser/Data/fontconfig/
non-fatal error removing directory: TorBrowser/Data/fontconfig/, rv: 0, err: 39
FINISH REMOVEDIR TorBrowser/Data/Tor/
non-fatal error removing directory: TorBrowser/Data/Tor/, rv: 0, err: 39
FINISH REMOVEDIR TorBrowser/Data/Browser/profile.default/extensions/
non-fatal error removing directory: TorBrowser/Data/Browser/profile.default/extensions/, rv: 0, err: 39
FINISH REMOVEDIR TorBrowser/Data/Browser/profile.default/
non-fatal error removing directory: TorBrowser/Data/Browser/profile.default/, rv: 0, err: 39
FINISH REMOVEDIR TorBrowser/Data/Browser/Caches/
non-fatal error removing directory: TorBrowser/Data/Browser/Caches/, rv: 0, err: 39
FINISH REMOVEDIR TorBrowser/Data/Browser/
non-fatal error removing directory: TorBrowser/Data/Browser/, rv: 0, err: 39
FINISH REMOVEDIR TorBrowser/Data/
non-fatal error removing directory: TorBrowser/Data/, rv: 0, err: 39
FINISH REMOVEDIR TorBrowser/
non-fatal error removing directory: TorBrowser/, rv: 0, err: 39
FINISH REMOVEDIR .config/
non-fatal error removing directory: .config/, rv: 0, err: 39
FINISH ADD updater.ini
FINISH ADD updater
FINISH ADD tbb_version.json
FINISH ADD start-tor-browser.desktop
FINISH ADD start-tor-browser
FINISH ADD removed-files
FINISH ADD precomplete
FINISH ADD plugin-container
FINISH ADD platform.ini
FINISH ADD omni.ja
FINISH ADD libxul.so
FINISH ADD libssl3.so
FINISH ADD libsoftokn3.so
FINISH ADD libsmime3.so
FINISH ADD libplds4.so
FINISH ADD libplc4.so
FINISH ADD libnssutil3.so
FINISH ADD libnssckbi.so
FINISH ADD libnss3.so
FINISH ADD libnspr4.so
FINISH ADD libmozwayland.so
FINISH ADD libmozsqlite3.so
FINISH ADD libmozsandbox.so
FINISH ADD libmozgtk.so
FINISH ADD libmozavutil.so
FINISH ADD libmozavcodec.so
FINISH ADD liblgpllibs.so
FINISH ADD libfreeblpriv3.so
FINISH ADD icons/updater.png
FINISH ADD fonts/TwemojiMozilla.ttf
FINISH ADD fonts/Tinos-Regular.ttf
FINISH ADD fonts/Tinos-Italic.ttf
FINISH ADD fonts/Tinos-BoldItalic.ttf
FINISH ADD fonts/Tinos-Bold.ttf
FINISH ADD fonts/STIXMath-Regular.otf
FINISH ADD fonts/NotoSerifThai-Regular.ttf
FINISH ADD fonts/NotoSerifLao-Regular.ttf
FINISH ADD fonts/NotoSerifKhmer-Regular.ttf
FINISH ADD fonts/NotoSerifArmenian-Regular.ttf
FINISH ADD fonts/NotoSansYi-Regular.ttf
FINISH ADD fonts/NotoSansTibetan-Regular.ttf
FINISH ADD fonts/NotoSansThai-Regular.ttf
FINISH ADD fonts/NotoSansThaana-Regular.ttf
FINISH ADD fonts/NotoSansTelugu-Regular.ttf
FINISH ADD fonts/NotoSansTamil-Regular.ttf
FINISH ADD fonts/NotoSansTC-Regular.otf
FINISH ADD fonts/NotoSansSinhala-Regular.ttf
FINISH ADD fonts/NotoSansSC-Regular.otf
FINISH ADD fonts/NotoSansOriya-Regular.ttf
FINISH ADD fonts/NotoSansMyanmar-Regular.ttf
FINISH ADD fonts/NotoSansMongolian-Regular.ttf
FINISH ADD fonts/NotoSansMalayalam-Regular.ttf
FINISH ADD fonts/NotoSansLao-Regular.ttf
FINISH ADD fonts/NotoSansKhmer-Regular.ttf
FINISH ADD fonts/NotoSansKannada-Regular.ttf
FINISH ADD fonts/NotoSansKR-Regular.otf
FINISH ADD fonts/NotoSansJP-Regular.otf
FINISH ADD fonts/NotoSansHebrew-Regular.ttf
FINISH ADD fonts/NotoSansGurmukhi-Regular.ttf
FINISH ADD fonts/NotoSansGujarati-Regular.ttf
FINISH ADD fonts/NotoSansGeorgian-Regular.ttf
FINISH ADD fonts/NotoSansEthiopic-Regular.ttf
FINISH ADD fonts/NotoSansDevanagari-Regular.ttf
FINISH ADD fonts/NotoSansCherokee-Regular.ttf
FINISH ADD fonts/NotoSansCanadianAboriginal-Regular.ttf
FINISH ADD fonts/NotoSansBuginese-Regular.ttf
FINISH ADD fonts/NotoSansBengali-Regular.ttf
FINISH ADD fonts/NotoSansArmenian-Regular.ttf
FINISH ADD fonts/NotoNaskhArabic-Regular.ttf
FINISH ADD fonts/NotoEmoji-Regular.ttf
FINISH ADD fonts/Cousine-Regular.ttf
FINISH ADD fonts/Arimo-Regular.ttf
FINISH ADD fonts/Arimo-Italic.ttf
FINISH ADD fonts/Arimo-BoldItalic.ttf
FINISH ADD fonts/Arimo-Bold.ttf
FINISH ADD firefox.real
FINISH ADD firefox
FINISH ADD execdesktop
FINISH ADD dependentlibs.list
FINISH ADD browser/omni.ja
FINISH ADD browser/features/onboarding@mozilla.org.xpi
FINISH ADD browser/chrome/icons/default/default64.png
FINISH ADD browser/chrome/icons/default/default48.png
FINISH ADD browser/chrome/icons/default/default32.png
FINISH ADD browser/chrome/icons/default/default16.png
FINISH ADD browser/chrome/icons/default/default128.png
FINISH ADD application.ini
FINISH ADD abicheck
FINISH ADD TorBrowser/Tor/tor
FINISH ADD TorBrowser/Tor/libstdc++/libstdc++.so.6
FINISH ADD TorBrowser/Tor/libssl.so.1.1
FINISH ADD TorBrowser/Tor/libevent-2.1.so.7
FINISH ADD TorBrowser/Tor/libcrypto.so.1.1
FINISH ADD TorBrowser/Tor/PluggableTransports/snowflake-client
FINISH ADD TorBrowser/Tor/PluggableTransports/obfs4proxy
FINISH ADD TorBrowser/Docs/snowflake/README.md
FINISH ADD TorBrowser/Docs/Licenses/Torbutton.txt
FINISH ADD TorBrowser/Docs/Licenses/Tor.txt
FINISH ADD TorBrowser/Docs/Licenses/Tor-Launcher.txt
FINISH ADD TorBrowser/Docs/Licenses/PluggableTransports/LICENSE.SNOWFLAKE
FINISH ADD TorBrowser/Docs/Licenses/PluggableTransports/LICENSE.GO
FINISH ADD TorBrowser/Docs/Licenses/PluggableTransports/LICENSE.CC0
FINISH ADD TorBrowser/Docs/Licenses/PluggableTransports/LICENSE
FINISH ADD TorBrowser/Docs/Licenses/Noto-Fonts.txt
FINISH ADD TorBrowser/Docs/Licenses/Noto-CJK-Font.txt
FINISH ADD TorBrowser/Docs/Licenses/NoScript.txt
FINISH ADD TorBrowser/Docs/Licenses/Libevent.txt
FINISH ADD TorBrowser/Docs/Licenses/HTTPS-Everywhere.txt
FINISH ADD TorBrowser/Docs/Licenses/Firefox.txt
FINISH ADD TorBrowser/Docs/ChangeLog.txt
FINISH ADD TorBrowser/Data/fontconfig/fonts.conf
FINISH ADD TorBrowser/Data/Tor/torrc-defaults
FINISH ADD TorBrowser/Data/Tor/geoip6
FINISH ADD TorBrowser/Data/Tor/geoip
FINISH ADD TorBrowser/Data/Browser/profile.default/extensions/{73a6fe31-595d-460b-a920-fcc0f8843232}.xpi
FINISH ADD .config/gtk-3.0/settings.ini
succeeded
calling QuitProgressUI
